2018-02-22 09:21:07,882 INFO  - Shutting down HiveMQ. Please wait, this could take a while...
2018-02-22 09:21:42,409 INFO  - Starting HiveMQ Server
2018-02-22 09:21:42,411 INFO  - HiveMQ version: 3.3.2
2018-02-22 09:21:42,411 INFO  - HiveMQ home directory: D:\Work\Sensors\hivemq-3.3.2
2018-02-22 09:21:42,421 INFO  - Log Configuration was overridden by D:\Work\Sensors\hivemq-3.3.2\conf\logback.xml
2018-02-22 09:22:08,768 INFO  - Loaded Plugin HiveMQ JMX Metrics Reporting Plugin - v3.0.0
2018-02-22 09:22:08,769 INFO  - Loaded Plugin HiveMQ JVM Metrics Plugin - v3.1.0
2018-02-22 09:22:08,794 INFO  - JMX Metrics Reporting started.
2018-02-22 09:22:08,811 INFO  - No user for Web UI configured. Starting with default user
2018-02-22 09:22:08,812 INFO  - Starting Web UI on address 127.0.0.1 and port 8080
2018-02-22 09:22:09,198 INFO  - Started Web UI in 387ms
2018-02-22 09:22:09,211 INFO  - Starting TCP listener on address 0.0.0.0 and port 1883
2018-02-22 09:22:09,443 INFO  - Started TCP Listener on address 0.0.0.0 and on port 1883
2018-02-22 09:22:09,444 INFO  - Started HiveMQ in 27037ms
2018-02-22 09:22:09,446 INFO  - No valid license file found. Using evaluation license, restricted to 25 connections.
2018-02-22 09:23:16,123 INFO  - A new HiveMQ Version (3.3.3) is available. Visit http://www.hivemq.com/ for more details.
2018-02-22 10:35:12,372 INFO  - Shutting down HiveMQ. Please wait, this could take a while...
2018-02-22 10:35:44,269 INFO  - Starting HiveMQ Server
2018-02-22 10:35:44,272 INFO  - HiveMQ version: 3.3.2
2018-02-22 10:35:44,272 INFO  - HiveMQ home directory: D:\Work\Sensors\hivemq-3.3.2
2018-02-22 10:35:44,283 INFO  - Log Configuration was overridden by D:\Work\Sensors\hivemq-3.3.2\conf\logback.xml
2018-02-22 10:36:10,154 INFO  - Loaded Plugin HiveMQ JMX Metrics Reporting Plugin - v3.0.0
2018-02-22 10:36:10,155 INFO  - Loaded Plugin HiveMQ JVM Metrics Plugin - v3.1.0
2018-02-22 10:36:10,188 INFO  - JMX Metrics Reporting started.
2018-02-22 10:36:10,207 INFO  - No user for Web UI configured. Starting with default user
2018-02-22 10:36:10,207 INFO  - Starting Web UI on address 127.0.0.1 and port 8080
2018-02-22 10:36:10,567 INFO  - Started Web UI in 360ms
2018-02-22 10:36:10,579 INFO  - Starting TCP listener on address 0.0.0.0 and port 1883
2018-02-22 10:36:10,753 INFO  - Started TCP Listener on address 0.0.0.0 and on port 1883
2018-02-22 10:36:10,754 INFO  - Started HiveMQ in 26488ms
2018-02-22 10:36:10,756 INFO  - No valid license file found. Using evaluation license, restricted to 25 connections.
2018-02-22 10:37:17,088 INFO  - A new HiveMQ Version (3.3.3) is available. Visit http://www.hivemq.com/ for more details.
